<?xml version="1.0" encoding="UTF-8"?>
<!-- Generated by org.testng.reporters.JUnitXMLReporter -->
<testsuite ignored="0" hostname="Sakshi" failures="0" tests="1" name="Test" time="0.102" errors="0" timestamp="2025-08-18T22:38:50 IST">
  <testcase classname="com.example.testNG.FirstTestWithTestNGFramework" name="@BeforeMethod openBrowser" time="0.001">
    <failure type="java.lang.NullPointerException" message="Cannot invoke &amp;quot;org.openqa.selenium.WebDriver.get(String)&amp;quot; because &amp;quot;this.driver&amp;quot; is null">
      <![CDATA[java.lang.NullPointerException: Cannot invoke "org.openqa.selenium.WebDriver.get(String)" because "this.driver" is null
at com.example.testNG.FirstTestWithTestNGFramework.openBrowser(FirstTestWithTestNGFramework.java:36)
at java.base/java.util.ArrayList.forEach(ArrayList.java:1511)
... Removed 31 stack frames]]>
    </failure>
  </testcase> <!-- @BeforeMethod openBrowser -->
  <testcase classname="com.example.testNG.FirstTestWithTestNGFramework" name="@AfterMethod postSignUp" time="0.0">
    <skipped/>
  </testcase> <!-- @AfterMethod postSignUp -->
  <testcase classname="com.example.testNG.FirstTestWithTestNGFramework" name="@AfterClass afterClass" time="0.0">
    <skipped/>
  </testcase> <!-- @AfterClass afterClass -->
  <testcase classname="com.example.testNG.FirstTestWithTestNGFramework" name="signUp" time="0.0">
    <skipped/>
  </testcase> <!-- signUp -->
</testsuite> <!-- Test -->
