<?xml version="1.0" encoding="UTF-8"?>
<!-- Generated by org.testng.reporters.JUnitXMLReporter -->
<testsuite ignored="0" hostname="Sakshi" failures="1" tests="2" name="ListenerTest" time="0.083" errors="0" timestamp="2025-08-20T16:40:48 IST">
  <testcase classname="com.example.testngListener.MyTest" name="testFail" time="0.012">
    <failure type="java.lang.AssertionError">
      <![CDATA[java.lang.AssertionError
at com.example.testngListener.MyTest.testFail(MyTest.java:17)
at java.base/java.util.ArrayList.forEach(ArrayList.java:1511)
... Removed 27 stack frames]]>
    </failure>
  </testcase> <!-- testFail -->
  <testcase classname="com.example.testngListener.MyTest" name="testSuccess" time="0.001"/>
</testsuite> <!-- ListenerTest -->
